<?xml version="1.0" encoding="UTF-8"?>
<!-- Generated by org.testng.reporters.JUnitReportReporter -->
<testsuite hostname="DESKTOP-HCFFR5C" name="test.loginLogout" tests="1" failures="0" timestamp="1 Oct 2021 22:54:21 GMT" time="2.995" errors="0">
  <testcase name="testLogin" time="2.995" classname="test.loginLogout"/>
</testsuite> <!-- test.loginLogout -->
