<?xml version="1.0" encoding="UTF-8"?>
<!-- Generated by org.testng.reporters.JUnitReportReporter -->
<testsuite hostname="DESKTOP-HCFFR5C" name="test.loginLogout" tests="1" failures="0" timestamp="3 Oct 2021 18:08:43 GMT" time="5.781" errors="0">
  <testcase name="testLogin" time="5.781" classname="test.loginLogout"/>
</testsuite> <!-- test.loginLogout -->
