<?xml version="1.0" encoding="UTF-8"?>
<!-- Generated by org.testng.reporters.JUnitReportReporter -->
<testsuite hostname="DESKTOP-HCFFR5C" name="test.loginLogout" tests="1" failures="0" timestamp="29 Sep 2021 21:26:35 GMT" time="3.761" errors="0">
  <testcase name="testLogin" time="3.761" classname="test.loginLogout"/>
</testsuite> <!-- test.loginLogout -->
