<?xml version="1.0" encoding="UTF-8"?>
<!-- Generated by org.testng.reporters.JUnitReportReporter -->
<testsuite hostname="DESKTOP-HCFFR5C" name="test.loginLogout" tests="1" failures="0" timestamp="3 Oct 2021 17:45:39 GMT" time="3.191" errors="0">
  <testcase name="testLogin" time="3.191" classname="test.loginLogout"/>
</testsuite> <!-- test.loginLogout -->
