<?xml version="1.0" encoding="UTF-8"?>
<!-- Generated by org.testng.reporters.JUnitReportReporter -->
<testsuite hostname="DESKTOP-HCFFR5C" name="test.loginLogout" tests="1" failures="0" timestamp="29 Sep 2021 20:57:07 GMT" time="3.405" errors="0">
  <testcase name="testLogin" time="3.405" classname="test.loginLogout"/>
</testsuite> <!-- test.loginLogout -->
