<?xml version="1.0" encoding="UTF-8"?>
<!-- Generated by org.testng.reporters.JUnitReportReporter -->
<testsuite hostname="DESKTOP-HCFFR5C" name="test.loginLogout" tests="1" failures="0" timestamp="2 Oct 2021 16:42:10 GMT" time="6.321" errors="0">
  <testcase name="testLogin" time="6.321" classname="test.loginLogout"/>
</testsuite> <!-- test.loginLogout -->
